[0823/114649.948:ERROR:prune_crash_reports.cc(35)] PruneCrashReportDatabase: Failed to get pending reports
[0923/133909.730:ERROR:process_reader_win.cc(151)] SuspendThread: 拒绝访问。 (0x5)
[0923/133909.730:ERROR:process_reader_win.cc(151)] SuspendThread: 拒绝访问。 (0x5)
[0923/133909.730:ERROR:process_reader_win.cc(151)] SuspendThread: 拒绝访问。 (0x5)
[0923/133909.730:ERROR:process_reader_win.cc(151)] SuspendThread: 拒绝访问。 (0x5)
[0923/133909.730:ERROR:process_reader_win.cc(151)] SuspendThread: 拒绝访问。 (0x5)
[0923/133909.730:ERROR:process_reader_win.cc(151)] SuspendThread: 拒绝访问。 (0x5)
[0923/133909.730:ERROR:process_reader_win.cc(151)] SuspendThread: 拒绝访问。 (0x5)
[0923/133909.730:ERROR:process_reader_win.cc(151)] SuspendThread: 拒绝访问。 (0x5)
[0923/133909.730:ERROR:process_reader_win.cc(151)] SuspendThread: 拒绝访问。 (0x5)
[0923/133909.730:ERROR:process_reader_win.cc(151)] SuspendThread: 拒绝访问。 (0x5)
[0923/133909.730:ERROR:process_reader_win.cc(151)] SuspendThread: 拒绝访问。 (0x5)
[0923/133909.730:ERROR:process_reader_win.cc(151)] SuspendThread: 拒绝访问。 (0x5)
[0923/133909.730:ERROR:process_reader_win.cc(151)] SuspendThread: 拒绝访问。 (0x5)
[0923/133909.730:ERROR:process_reader_win.cc(151)] SuspendThread: 拒绝访问。 (0x5)
[0923/133909.730:ERROR:process_reader_win.cc(151)] SuspendThread: 拒绝访问。 (0x5)
[0923/133909.730:ERROR:process_reader_win.cc(151)] SuspendThread: 拒绝访问。 (0x5)
[0923/133909.730:ERROR:process_reader_win.cc(151)] SuspendThread: 拒绝访问。 (0x5)
[0923/133909.730:ERROR:process_reader_win.cc(123)] NtOpenThread: {无法访问} 过程已请求访问一对象，但未给访问权限。 (0xc0000022)
[0923/133909.730:ERROR:process_reader_win.cc(151)] SuspendThread: 拒绝访问。 (0x5)
[0923/133909.730:ERROR:process_reader_win.cc(123)] NtOpenThread: {无法访问} 过程已请求访问一对象，但未给访问权限。 (0xc0000022)
[0923/133909.730:ERROR:process_reader_win.cc(151)] SuspendThread: 拒绝访问。 (0x5)
[0923/133909.730:ERROR:exception_snapshot_win.cc(99)] thread ID 19316 not found in process
[0923/133909.730:ERROR:process_reader_win.cc(151)] SuspendThread: 拒绝访问。 (0x5)
[0923/133909.730:ERROR:exception_snapshot_win.cc(99)] thread ID 6052 not found in process
[0923/133909.730:ERROR:process_reader_win.cc(123)] NtOpenThread: {无法访问} 过程已请求访问一对象，但未给访问权限。 (0xc0000022)
[0923/133909.730:ERROR:exception_snapshot_win.cc(99)] thread ID 10924 not found in process
[0923/133909.730:ERROR:process_info.cc(329)] VirtualQueryEx: 拒绝访问。 (0x5)
[0923/133909.730:ERROR:process_info.cc(556)] ReadMemoryInfo failed
[0923/133909.730:ERROR:process_memory_win.cc(39)] Failed to initialize ProcessInfo.
[0923/133909.730:ERROR:scoped_process_suspend.cc(40)] NtResumeProcess: 已尝试访问正在退出的过程。 (0xc000010a)
[0923/133909.746:ERROR:process_reader_win.cc(151)] SuspendThread: 拒绝访问。 (0x5)
[0923/133909.746:ERROR:process_reader_win.cc(151)] SuspendThread: 拒绝访问。 (0x5)
[0923/133909.746:ERROR:exception_snapshot_win.cc(99)] thread ID 20748 not found in process
[0923/133909.746:ERROR:process_reader_win.cc(151)] SuspendThread: 拒绝访问。 (0x5)
[0923/133909.746:ERROR:process_reader_win.cc(151)] SuspendThread: 拒绝访问。 (0x5)
[0923/133909.746:ERROR:exception_snapshot_win.cc(99)] thread ID 14172 not found in process
[1013/200117.794:ERROR:directory_reader_win.cc(43)] FindFirstFile: 系统找不到指定的路径。 (0x3)
[1013/200250.601:ERROR:directory_reader_win.cc(43)] FindFirstFile: 系统找不到指定的路径。 (0x3)
[1013/202931.450:ERROR:directory_reader_win.cc(43)] FindFirstFile: 系统找不到指定的路径。 (0x3)
[1013/204113.521:ERROR:directory_reader_win.cc(43)] FindFirstFile: 系统找不到指定的路径。 (0x3)
[1013/211655.311:ERROR:directory_reader_win.cc(43)] FindFirstFile: 系统找不到指定的路径。 (0x3)
[1013/213745.268:ERROR:directory_reader_win.cc(43)] FindFirstFile: 系统找不到指定的路径。 (0x3)
[1014/205611.378:ERROR:directory_reader_win.cc(43)] FindFirstFile: 系统找不到指定的路径。 (0x3)
[1014/210511.181:ERROR:directory_reader_win.cc(43)] FindFirstFile: 系统找不到指定的路径。 (0x3)
[1014/221131.841:ERROR:directory_reader_win.cc(43)] FindFirstFile: 系统找不到指定的路径。 (0x3)
[1014/222412.974:ERROR:directory_reader_win.cc(43)] FindFirstFile: 系统找不到指定的路径。 (0x3)
[1015/190855.510:ERROR:directory_reader_win.cc(43)] FindFirstFile: 系统找不到指定的路径。 (0x3)
[1102/214815.272:ERROR:directory_reader_win.cc(43)] FindFirstFile: 系统找不到指定的路径。 (0x3)
[1102/215003.817:ERROR:directory_reader_win.cc(43)] FindFirstFile: 系统找不到指定的路径。 (0x3)
[1102/223707.350:ERROR:directory_reader_win.cc(43)] FindFirstFile: 系统找不到指定的路径。 (0x3)
[1102/225211.593:ERROR:directory_reader_win.cc(43)] FindFirstFile: 系统找不到指定的路径。 (0x3)
[1102/225414.019:ERROR:directory_reader_win.cc(43)] FindFirstFile: 系统找不到指定的路径。 (0x3)
